f:\terrain\framework\framework\debug\vc140.pdb
f:\terrain\framework\framework\debug\vc140.idb
f:\terrain\framework\framework\debug\framebuffer.obj
f:\terrain\framework\framework\debug\main.obj
f:\terrain\framework\framework\debug\objloader.obj
f:\terrain\framework\framework\debug\page.obj
f:\terrain\framework\framework\debug\ptex.obj
f:\terrain\framework\framework\debug\quaternion_utils.obj
f:\terrain\framework\framework\debug\shader.obj
f:\terrain\framework\framework\debug\shadercooktorrance.obj
f:\terrain\framework\framework\debug\shadernull.obj
f:\terrain\framework\framework\debug\shaderphong.obj
f:\terrain\framework\framework\debug\shaderspecular.obj
f:\terrain\framework\framework\debug\tangentspace.obj
f:\terrain\framework\framework\debug\terrain.obj
f:\terrain\framework\framework\debug\terraindata.obj
f:\terrain\framework\framework\debug\text2d.obj
f:\terrain\framework\framework\debug\util.obj
f:\terrain\framework\framework\debug\vboindexer.obj
f:\terrain\framework\framework\debug\vtex.obj
f:\terrain\framework\framework\debug\vtshader.obj
f:\terrain\framework\framework\debug\controls.obj
f:\terrain\framework\framework\debug\ddsloader.obj
f:\terrain\framework\framework\debug\dds_reader.obj
f:\terrain\framework\framework\debug\texture.obj
f:\terrain\framework\framework\debug\imagecompare.obj
f:\terrain\framework\debug\framework.ilk
f:\terrain\framework\debug\framework.exe
f:\terrain\framework\debug\framework.pdb
f:\terrain\framework\framework\debug\framework.tlog\cl.command.1.tlog
f:\terrain\framework\framework\debug\framework.tlog\cl.read.1.tlog
f:\terrain\framework\framework\debug\framework.tlog\cl.write.1.tlog
f:\terrain\framework\framework\debug\framework.tlog\link.command.1.tlog
f:\terrain\framework\framework\debug\framework.tlog\link.read.1.tlog
f:\terrain\framework\framework\debug\framework.tlog\link.write.1.tlog
